This file contains any messages produced by compilers while
running configure, to aid debugging if configure makes a mistake.

It was created by configure, which was
generated by GNU Autoconf 2.59.  Invocation command line was

  $ ./configure 

## --------- ##
## Platform. ##
## --------- ##

hostname = gorokhovsky
uname -m = x86_64
uname -r = 4.15.0-39-generic
uname -s = Linux
uname -v = #42-Ubuntu SMP Tue Oct 23 15:48:01 UTC 2018

/usr/bin/uname -p = unknown
/bin/uname -X     = unknown

/bin/arch              = unknown
/usr/bin/arch -k       = unknown
/usr/convex/getsysinfo = unknown
hostinfo               = unknown
/bin/machine           = unknown
/usr/bin/oslevel       = unknown
/bin/universe          = unknown

PATH: /usr/local/bin/SageMath/
PATH: /home/elliot/miniconda3/bin
PATH: /home/elliot/miniconda3/bin
PATH: /home/elliot/CEdev/bin
PATH: /home/elliot/CEdev/bin
PATH: /usr/local/sbin
PATH: /usr/local/bin
PATH: /usr/sbin
PATH: /usr/bin
PATH: /sbin
PATH: /bin
PATH: /usr/games
PATH: /usr/local/games
PATH: /snap/bin
PATH: /usr/lib/jvm/java-8-oracle/bin
PATH: /usr/lib/jvm/java-8-oracle/db/bin
PATH: /usr/lib/jvm/java-8-oracle/jre/bin


## ----------- ##
## Core tests. ##
## ----------- ##

configure:1531: checking build system type
configure:1549: result: x86_64-unknown-linux-gnu
configure:1557: checking host system type
configure:1571: result: x86_64-unknown-linux-gnu
configure:1579: checking target system type
configure:1593: result: x86_64-unknown-linux-gnu
configure:1640: checking for a BSD-compatible install
configure:1695: result: /usr/bin/install -c
configure:1710: checking for -p flag to install
configure:1723: result: yes
configure:1734: checking whether build environment is sane
configure:1777: result: yes
configure:1829: checking for gawk
configure:1845: found /usr/bin/gawk
configure:1855: result: gawk
configure:1865: checking whether make sets $(MAKE)
configure:1885: result: yes
configure:2099: checking for style of include used by make
configure:2127: result: GNU
configure:2274: checking for gcc
configure:2290: found /usr/bin/gcc
configure:2300: result: gcc
configure:2544: checking for C compiler version
configure:2547: gcc --version </dev/null >&5
gcc (Ubuntu 7.3.0-16ubuntu3) 7.3.0
Copyright (C) 2017 Free Software Foundation, Inc.
This is free software; see the source for copying conditions.  There is NO
warranty; not even for MERCHANTABILITY or FITNESS FOR A PARTICULAR PURPOSE.

configure:2550: $? = 0
configure:2552: gcc -v </dev/null >&5
Using built-in specs.
COLLECT_GCC=gcc
COLLECT_LTO_WRAPPER=/usr/lib/gcc/x86_64-linux-gnu/7/lto-wrapper
OFFLOAD_TARGET_NAMES=nvptx-none
OFFLOAD_TARGET_DEFAULT=1
Target: x86_64-linux-gnu
Configured with: ../src/configure -v --with-pkgversion='Ubuntu 7.3.0-16ubuntu3' --with-bugurl=file:///usr/share/doc/gcc-7/README.Bugs --enable-languages=c,ada,c++,go,brig,d,fortran,objc,obj-c++ --prefix=/usr --with-gcc-major-version-only --with-as=/usr/bin/x86_64-linux-gnu-as --with-ld=/usr/bin/x86_64-linux-gnu-ld --program-suffix=-7 --program-prefix=x86_64-linux-gnu- --enable-shared --enable-linker-build-id --libexecdir=/usr/lib --without-included-gettext --enable-threads=posix --libdir=/usr/lib --enable-nls --with-sysroot=/ --enable-clocale=gnu --enable-libstdcxx-debug --enable-libstdcxx-time=yes --with-default-libstdcxx-abi=new --enable-gnu-unique-object --disable-vtable-verify --enable-libmpx --enable-plugin --enable-default-pie --with-system-zlib --with-target-system-zlib --enable-objc-gc=auto --enable-multiarch --disable-werror --with-arch-32=i686 --with-abi=m64 --with-multilib-list=m32,m64,mx32 --enable-multilib --with-tune=generic --enable-offload-targets=nvptx-none --without-cuda-driver --enable-checking=release --build=x86_64-linux-gnu --host=x86_64-linux-gnu --target=x86_64-linux-gnu
Thread model: posix
gcc version 7.3.0 (Ubuntu 7.3.0-16ubuntu3) 
configure:2555: $? = 0
configure:2557: gcc -V </dev/null >&5
gcc: error: unrecognized command line option '-V'
gcc: fatal error: no input files
compilation terminated.
configure:2560: $? = 1
configure:2583: checking for C compiler default output file name
configure:2586: gcc     conftest.c  >&5
configure:2589: $? = 0
configure:2635: result: a.out
configure:2640: checking whether the C compiler works
configure:2646: ./a.out
configure:2649: $? = 0
configure:2666: result: yes
configure:2673: checking whether we are cross compiling
configure:2675: result: no
configure:2678: checking for suffix of executables
configure:2680: gcc -o conftest     conftest.c  >&5
configure:2683: $? = 0
configure:2708: result: 
configure:2714: checking for suffix of object files
configure:2735: gcc -c    conftest.c >&5
configure:2738: $? = 0
configure:2760: result: o
configure:2764: checking whether we are using the GNU C compiler
configure:2788: gcc -c    conftest.c >&5
configure:2794: $? = 0
configure:2798: test -z 
			 || test ! -s conftest.err
configure:2801: $? = 0
configure:2804: test -s conftest.o
configure:2807: $? = 0
configure:2820: result: yes
configure:2826: checking whether gcc accepts -g
configure:2847: gcc -c -g  conftest.c >&5
configure:2853: $? = 0
configure:2857: test -z 
			 || test ! -s conftest.err
configure:2860: $? = 0
configure:2863: test -s conftest.o
configure:2866: $? = 0
configure:2877: result: yes
configure:2894: checking for gcc option to accept ANSI C
configure:2964: gcc  -c    conftest.c >&5
configure:2970: $? = 0
configure:2974: test -z 
			 || test ! -s conftest.err
configure:2977: $? = 0
configure:2980: test -s conftest.o
configure:2983: $? = 0
configure:3001: result: none needed
configure:3019: gcc -c    conftest.c >&5
conftest.c:2:3: error: unknown type name 'choke'
   choke me
   ^~~~~
conftest.c:2:3: error: expected '=', ',', ';', 'asm' or '__attribute__' at end of input
configure:3025: $? = 1
configure: failed program was:
| #ifndef __cplusplus
|   choke me
| #endif
configure:3160: checking dependency style of gcc
configure:3250: result: gcc3
configure:3273: checking how to run the C preprocessor
configure:3308: gcc -E  conftest.c
configure:3314: $? = 0
configure:3346: gcc -E  conftest.c
conftest.c:11:10: fatal error: ac_nonexistent.h: No such file or directory
 #include <ac_nonexistent.h>
          ^~~~~~~~~~~~~~~~~~
compilation terminated.
configure:3352: $? = 1
configure: failed program was:
| /* confdefs.h.  */
| 
| #define PACKAGE_NAME ""
| #define PACKAGE_TARNAME ""
| #define PACKAGE_VERSION ""
| #define PACKAGE_STRING ""
| #define PACKAGE_BUGREPORT ""
| #define PACKAGE "mafia"
| #define VERSION "0.1"
| /* end confdefs.h.  */
| #include <ac_nonexistent.h>
configure:3391: result: gcc -E
configure:3415: gcc -E  conftest.c
configure:3421: $? = 0
configure:3453: gcc -E  conftest.c
conftest.c:11:10: fatal error: ac_nonexistent.h: No such file or directory
 #include <ac_nonexistent.h>
          ^~~~~~~~~~~~~~~~~~
compilation terminated.
configure:3459: $? = 1
configure: failed program was:
| /* confdefs.h.  */
| 
| #define PACKAGE_NAME ""
| #define PACKAGE_TARNAME ""
| #define PACKAGE_VERSION ""
| #define PACKAGE_STRING ""
| #define PACKAGE_BUGREPORT ""
| #define PACKAGE "mafia"
| #define VERSION "0.1"
| /* end confdefs.h.  */
| #include <ac_nonexistent.h>
configure:3583: checking for g++
configure:3599: found /usr/bin/g++
configure:3609: result: g++
configure:3625: checking for C++ compiler version
configure:3628: g++ --version </dev/null >&5
g++ (Ubuntu 7.3.0-16ubuntu3) 7.3.0
Copyright (C) 2017 Free Software Foundation, Inc.
This is free software; see the source for copying conditions.  There is NO
warranty; not even for MERCHANTABILITY or FITNESS FOR A PARTICULAR PURPOSE.

configure:3631: $? = 0
configure:3633: g++ -v </dev/null >&5
Using built-in specs.
COLLECT_GCC=g++
COLLECT_LTO_WRAPPER=/usr/lib/gcc/x86_64-linux-gnu/7/lto-wrapper
OFFLOAD_TARGET_NAMES=nvptx-none
OFFLOAD_TARGET_DEFAULT=1
Target: x86_64-linux-gnu
Configured with: ../src/configure -v --with-pkgversion='Ubuntu 7.3.0-16ubuntu3' --with-bugurl=file:///usr/share/doc/gcc-7/README.Bugs --enable-languages=c,ada,c++,go,brig,d,fortran,objc,obj-c++ --prefix=/usr --with-gcc-major-version-only --with-as=/usr/bin/x86_64-linux-gnu-as --with-ld=/usr/bin/x86_64-linux-gnu-ld --program-suffix=-7 --program-prefix=x86_64-linux-gnu- --enable-shared --enable-linker-build-id --libexecdir=/usr/lib --without-included-gettext --enable-threads=posix --libdir=/usr/lib --enable-nls --with-sysroot=/ --enable-clocale=gnu --enable-libstdcxx-debug --enable-libstdcxx-time=yes --with-default-libstdcxx-abi=new --enable-gnu-unique-object --disable-vtable-verify --enable-libmpx --enable-plugin --enable-default-pie --with-system-zlib --with-target-system-zlib --enable-objc-gc=auto --enable-multiarch --disable-werror --with-arch-32=i686 --with-abi=m64 --with-multilib-list=m32,m64,mx32 --enable-multilib --with-tune=generic --enable-offload-targets=nvptx-none --without-cuda-driver --enable-checking=release --build=x86_64-linux-gnu --host=x86_64-linux-gnu --target=x86_64-linux-gnu
Thread model: posix
gcc version 7.3.0 (Ubuntu 7.3.0-16ubuntu3) 
configure:3636: $? = 0
configure:3638: g++ -V </dev/null >&5
g++: error: unrecognized command line option '-V'
g++: fatal error: no input files
compilation terminated.
configure:3641: $? = 1
configure:3644: checking whether we are using the GNU C++ compiler
configure:3668: g++ -c    conftest.cc >&5
configure:3674: $? = 0
configure:3678: test -z 
			 || test ! -s conftest.err
configure:3681: $? = 0
configure:3684: test -s conftest.o
configure:3687: $? = 0
configure:3700: result: yes
configure:3706: checking whether g++ accepts -g
configure:3727: g++ -c -g  conftest.cc >&5
configure:3733: $? = 0
configure:3737: test -z 
			 || test ! -s conftest.err
configure:3740: $? = 0
configure:3743: test -s conftest.o
configure:3746: $? = 0
configure:3757: result: yes
configure:3799: g++ -c    conftest.cc >&5
configure:3805: $? = 0
configure:3809: test -z 
			 || test ! -s conftest.err
configure:3812: $? = 0
configure:3815: test -s conftest.o
configure:3818: $? = 0
configure:3844: g++ -c    conftest.cc >&5
conftest.cc: In function 'int main()':
conftest.cc:15:1: error: 'exit' was not declared in this scope
 exit (42);
 ^~~~
configure:3850: $? = 1
configure: failed program was:
| /* confdefs.h.  */
| 
| #define PACKAGE_NAME ""
| #define PACKAGE_TARNAME ""
| #define PACKAGE_VERSION ""
| #define PACKAGE_STRING ""
| #define PACKAGE_BUGREPORT ""
| #define PACKAGE "mafia"
| #define VERSION "0.1"
| /* end confdefs.h.  */
| 
| int
| main ()
| {
| exit (42);
|   ;
|   return 0;
| }
configure:3799: g++ -c    conftest.cc >&5
configure:3805: $? = 0
configure:3809: test -z 
			 || test ! -s conftest.err
configure:3812: $? = 0
configure:3815: test -s conftest.o
configure:3818: $? = 0
configure:3844: g++ -c    conftest.cc >&5
configure:3850: $? = 0
configure:3854: test -z 
			 || test ! -s conftest.err
configure:3857: $? = 0
configure:3860: test -s conftest.o
configure:3863: $? = 0
configure:3888: checking dependency style of g++
configure:3978: result: gcc3
configure:4304: checking whether g++ supports -Wundef
configure:4340: rm -rf SunWS_cache; g++ -o conftest -Wall -pedantic -W -Wpointer-arith -Wmissing-prototypes -Wwrite-strings -ansi -D_XOPEN_SOURCE=500 -D_BSD_SOURCE -Wcast-align -Wconversion -O3   -Wundef   conftest.cc  1>&5
cc1plus: warning: command line option '-Wmissing-prototypes' is valid for C/ObjC but not for C++
configure:4346: $? = 0
configure:4350: test -z 
			 || test ! -s conftest.err
configure:4353: $? = 0
configure:4356: test -s conftest
configure:4359: $? = 0
configure:4380: result: yes
configure:4392: checking whether g++ supports -Wno-long-long
configure:4428: rm -rf SunWS_cache; g++ -o conftest -Wundef -Wall -pedantic -W -Wpointer-arith -Wmissing-prototypes -Wwrite-strings -ansi -D_XOPEN_SOURCE=500 -D_BSD_SOURCE -Wcast-align -Wconversion -O3   -Wno-long-long   conftest.cc  1>&5
cc1plus: warning: command line option '-Wmissing-prototypes' is valid for C/ObjC but not for C++
configure:4434: $? = 0
configure:4438: test -z 
			 || test ! -s conftest.err
configure:4441: $? = 0
configure:4444: test -s conftest
configure:4447: $? = 0
configure:4468: result: yes
configure:4480: checking whether g++ supports -Wnon-virtual-dtor
configure:4516: rm -rf SunWS_cache; g++ -o conftest -Wno-long-long -Wundef -Wall -pedantic -W -Wpointer-arith -Wmissing-prototypes -Wwrite-strings -ansi -D_XOPEN_SOURCE=500 -D_BSD_SOURCE -Wcast-align -Wconversion -O3   -Wnon-virtual-dtor   conftest.cc  1>&5
cc1plus: warning: command line option '-Wmissing-prototypes' is valid for C/ObjC but not for C++
configure:4522: $? = 0
configure:4526: test -z 
			 || test ! -s conftest.err
configure:4529: $? = 0
configure:4532: test -s conftest
configure:4535: $? = 0
configure:4556: result: yes
configure:4576: checking whether g++ supports -fno-exceptions
configure:4612: rm -rf SunWS_cache; g++ -o conftest -Wnon-virtual-dtor -Wno-long-long -Wundef -Wall -pedantic -W -Wpointer-arith -Wmissing-prototypes -Wwrite-strings -ansi -D_XOPEN_SOURCE=500 -D_BSD_SOURCE -Wcast-align -Wconversion -O3   -fno-exceptions   conftest.cc  1>&5
cc1plus: warning: command line option '-Wmissing-prototypes' is valid for C/ObjC but not for C++
configure:4618: $? = 0
configure:4622: test -z 
			 || test ! -s conftest.err
configure:4625: $? = 0
configure:4628: test -s conftest
configure:4631: $? = 0
configure:4652: result: yes
configure:4664: checking whether g++ supports -fno-check-new
configure:4700: rm -rf SunWS_cache; g++ -o conftest -Wnon-virtual-dtor -Wno-long-long -Wundef -Wall -pedantic -W -Wpointer-arith -Wmissing-prototypes -Wwrite-strings -ansi -D_XOPEN_SOURCE=500 -D_BSD_SOURCE -Wcast-align -Wconversion -O3   -fno-exceptions -fno-check-new   conftest.cc  1>&5
cc1plus: warning: command line option '-Wmissing-prototypes' is valid for C/ObjC but not for C++
configure:4706: $? = 0
configure:4710: test -z 
			 || test ! -s conftest.err
configure:4713: $? = 0
configure:4716: test -s conftest
configure:4719: $? = 0
configure:4740: result: yes
configure:4752: checking whether g++ supports -fexceptions
configure:4788: rm -rf SunWS_cache; g++ -o conftest -Wnon-virtual-dtor -Wno-long-long -Wundef -Wall -pedantic -W -Wpointer-arith -Wmissing-prototypes -Wwrite-strings -ansi -D_XOPEN_SOURCE=500 -D_BSD_SOURCE -Wcast-align -Wconversion -O3   -fno-exceptions -fno-check-new -fexceptions   conftest.cc  1>&5
cc1plus: warning: command line option '-Wmissing-prototypes' is valid for C/ObjC but not for C++
configure:4794: $? = 0
configure:4798: test -z 
			 || test ! -s conftest.err
configure:4801: $? = 0
configure:4804: test -s conftest
configure:4807: $? = 0
configure:4828: result: yes
configure:5489: checking how to run the C++ preprocessor
configure:5520: g++ -E  conftest.cc
configure:5526: $? = 0
configure:5558: g++ -E  conftest.cc
conftest.cc:14:10: fatal error: ac_nonexistent.h: No such file or directory
 #include <ac_nonexistent.h>
          ^~~~~~~~~~~~~~~~~~
compilation terminated.
configure:5564: $? = 1
configure: failed program was:
| /* confdefs.h.  */
| 
| #define PACKAGE_NAME ""
| #define PACKAGE_TARNAME ""
| #define PACKAGE_VERSION ""
| #define PACKAGE_STRING ""
| #define PACKAGE_BUGREPORT ""
| #define PACKAGE "mafia"
| #define VERSION "0.1"
| #ifdef __cplusplus
| extern "C" void std::exit (int) throw (); using std::exit;
| #endif
| /* end confdefs.h.  */
| #include <ac_nonexistent.h>
configure:5603: result: g++ -E
configure:5627: g++ -E  conftest.cc
configure:5633: $? = 0
configure:5665: g++ -E  conftest.cc
conftest.cc:14:10: fatal error: ac_nonexistent.h: No such file or directory
 #include <ac_nonexistent.h>
          ^~~~~~~~~~~~~~~~~~
compilation terminated.
configure:5671: $? = 1
configure: failed program was:
| /* confdefs.h.  */
| 
| #define PACKAGE_NAME ""
| #define PACKAGE_TARNAME ""
| #define PACKAGE_VERSION ""
| #define PACKAGE_STRING ""
| #define PACKAGE_BUGREPORT ""
| #define PACKAGE "mafia"
| #define VERSION "0.1"
| #ifdef __cplusplus
| extern "C" void std::exit (int) throw (); using std::exit;
| #endif
| /* end confdefs.h.  */
| #include <ac_nonexistent.h>
configure:5737: checking whether g++ supports -frepo
configure:5773: rm -rf SunWS_cache; g++ -o conftest -Wnon-virtual-dtor -Wno-long-long -Wundef -Wall -pedantic -W -Wpointer-arith -Wmissing-prototypes -Wwrite-strings -ansi -D_XOPEN_SOURCE=500 -D_BSD_SOURCE -Wcast-align -Wconversion -O3 -fno-exceptions -fno-check-new -frepo   conftest.cc  1>&5
cc1plus: warning: command line option '-Wmissing-prototypes' is valid for C/ObjC but not for C++
<built-in>: warning: -frepo must be used with -c
configure:5779: $? = 0
configure:5783: test -z 
			 || test ! -s conftest.err
configure:5786: $? = 0
configure:5789: test -s conftest
configure:5792: $? = 0
configure:5813: result: yes
configure:6052: result: using lib directory suffix 64
configure:6091: checking for ld used by GCC
configure:6155: result: /usr/bin/x86_64-linux-gnu-ld
configure:6164: checking if the linker (/usr/bin/x86_64-linux-gnu-ld) is GNU ld
GNU ld (GNU Binutils for Ubuntu) 2.30
configure:6176: result: yes
configure:6181: checking for /usr/bin/x86_64-linux-gnu-ld option to reload object files
configure:6188: result: -r
configure:6197: checking for BSD-compatible nm
configure:6232: result: /usr/bin/nm -B
configure:6236: checking for a sed that does not truncate output
configure:6312: result: 
configure:6315: checking whether ln -s works
configure:6319: result: yes
configure:6326: checking how to recognise dependant libraries
configure:6513: result: pass_all
configure:6583: gcc -c -ansi -W -Wall -pedantic -Wshadow -Wpointer-arith -Wmissing-prototypes -Wwrite-strings -D_XOPEN_SOURCE=500 -D_BSD_SOURCE -O3    conftest.c >&5
configure:6586: $? = 0
configure:6682: checking for egrep
configure:6692: result: grep -E
configure:6697: checking for ANSI C header files
configure:6722: gcc -c -ansi -W -Wall -pedantic -Wshadow -Wpointer-arith -Wmissing-prototypes -Wwrite-strings -D_XOPEN_SOURCE=500 -D_BSD_SOURCE -O3    conftest.c >&5
In file included from /usr/include/x86_64-linux-gnu/bits/libc-header-start.h:33:0,
                 from /usr/include/stdlib.h:25,
                 from conftest.c:16:
/usr/include/features.h:184:3: warning: #warning "_BSD_SOURCE and _SVID_SOURCE are deprecated, use _DEFAULT_SOURCE" [-Wcpp]
 # warning "_BSD_SOURCE and _SVID_SOURCE are deprecated, use _DEFAULT_SOURCE"
   ^~~~~~~
configure:6728: $? = 0
configure:6732: test -z 
			 || test ! -s conftest.err
configure:6735: $? = 0
configure:6738: test -s conftest.o
configure:6741: $? = 0
configure:6830: gcc -o conftest -ansi -W -Wall -pedantic -Wshadow -Wpointer-arith -Wmissing-prototypes -Wwrite-strings -D_XOPEN_SOURCE=500 -D_BSD_SOURCE -O3     conftest.c  >&5
In file included from /usr/include/ctype.h:25:0,
                 from conftest.c:16:
/usr/include/features.h:184:3: warning: #warning "_BSD_SOURCE and _SVID_SOURCE are deprecated, use _DEFAULT_SOURCE" [-Wcpp]
 # warning "_BSD_SOURCE and _SVID_SOURCE are deprecated, use _DEFAULT_SOURCE"
   ^~~~~~~
conftest.c: In function 'main':
conftest.c:33:7: warning: implicit declaration of function 'exit' [-Wimplicit-function-declaration]
       exit(2);
       ^~~~
conftest.c:33:7: warning: incompatible implicit declaration of built-in function 'exit'
conftest.c:33:7: note: include '<stdlib.h>' or provide a declaration of 'exit'
configure:6833: $? = 0
configure:6835: ./conftest
configure:6838: $? = 0
configure:6853: result: yes
configure:6877: checking for sys/types.h
configure:6893: gcc -c -ansi -W -Wall -pedantic -Wshadow -Wpointer-arith -Wmissing-prototypes -Wwrite-strings -D_XOPEN_SOURCE=500 -D_BSD_SOURCE -O3    conftest.c >&5
In file included from /usr/include/x86_64-linux-gnu/bits/libc-header-start.h:33:0,
                 from /usr/include/stdio.h:27,
                 from conftest.c:17:
/usr/include/features.h:184:3: warning: #warning "_BSD_SOURCE and _SVID_SOURCE are deprecated, use _DEFAULT_SOURCE" [-Wcpp]
 # warning "_BSD_SOURCE and _SVID_SOURCE are deprecated, use _DEFAULT_SOURCE"
   ^~~~~~~
configure:6899: $? = 0
configure:6903: test -z 
			 || test ! -s conftest.err
configure:6906: $? = 0
configure:6909: test -s conftest.o
configure:6912: $? = 0
configure:6923: result: yes
configure:6877: checking for sys/stat.h
configure:6893: gcc -c -ansi -W -Wall -pedantic -Wshadow -Wpointer-arith -Wmissing-prototypes -Wwrite-strings -D_XOPEN_SOURCE=500 -D_BSD_SOURCE -O3    conftest.c >&5
In file included from /usr/include/x86_64-linux-gnu/bits/libc-header-start.h:33:0,
                 from /usr/include/stdio.h:27,
                 from conftest.c:18:
/usr/include/features.h:184:3: warning: #warning "_BSD_SOURCE and _SVID_SOURCE are deprecated, use _DEFAULT_SOURCE" [-Wcpp]
 # warning "_BSD_SOURCE and _SVID_SOURCE are deprecated, use _DEFAULT_SOURCE"
   ^~~~~~~
configure:6899: $? = 0
configure:6903: test -z 
			 || test ! -s conftest.err
configure:6906: $? = 0
configure:6909: test -s conftest.o
configure:6912: $? = 0
configure:6923: result: yes
configure:6877: checking for stdlib.h
configure:6893: gcc -c -ansi -W -Wall -pedantic -Wshadow -Wpointer-arith -Wmissing-prototypes -Wwrite-strings -D_XOPEN_SOURCE=500 -D_BSD_SOURCE -O3    conftest.c >&5
In file included from /usr/include/x86_64-linux-gnu/bits/libc-header-start.h:33:0,
                 from /usr/include/stdio.h:27,
                 from conftest.c:19:
/usr/include/features.h:184:3: warning: #warning "_BSD_SOURCE and _SVID_SOURCE are deprecated, use _DEFAULT_SOURCE" [-Wcpp]
 # warning "_BSD_SOURCE and _SVID_SOURCE are deprecated, use _DEFAULT_SOURCE"
   ^~~~~~~
configure:6899: $? = 0
configure:6903: test -z 
			 || test ! -s conftest.err
configure:6906: $? = 0
configure:6909: test -s conftest.o
configure:6912: $? = 0
configure:6923: result: yes
configure:6877: checking for string.h
configure:6893: gcc -c -ansi -W -Wall -pedantic -Wshadow -Wpointer-arith -Wmissing-prototypes -Wwrite-strings -D_XOPEN_SOURCE=500 -D_BSD_SOURCE -O3    conftest.c >&5
In file included from /usr/include/x86_64-linux-gnu/bits/libc-header-start.h:33:0,
                 from /usr/include/stdio.h:27,
                 from conftest.c:20:
/usr/include/features.h:184:3: warning: #warning "_BSD_SOURCE and _SVID_SOURCE are deprecated, use _DEFAULT_SOURCE" [-Wcpp]
 # warning "_BSD_SOURCE and _SVID_SOURCE are deprecated, use _DEFAULT_SOURCE"
   ^~~~~~~
configure:6899: $? = 0
configure:6903: test -z 
			 || test ! -s conftest.err
configure:6906: $? = 0
configure:6909: test -s conftest.o
configure:6912: $? = 0
configure:6923: result: yes
configure:6877: checking for memory.h
configure:6893: gcc -c -ansi -W -Wall -pedantic -Wshadow -Wpointer-arith -Wmissing-prototypes -Wwrite-strings -D_XOPEN_SOURCE=500 -D_BSD_SOURCE -O3    conftest.c >&5
In file included from /usr/include/x86_64-linux-gnu/bits/libc-header-start.h:33:0,
                 from /usr/include/stdio.h:27,
                 from conftest.c:21:
/usr/include/features.h:184:3: warning: #warning "_BSD_SOURCE and _SVID_SOURCE are deprecated, use _DEFAULT_SOURCE" [-Wcpp]
 # warning "_BSD_SOURCE and _SVID_SOURCE are deprecated, use _DEFAULT_SOURCE"
   ^~~~~~~
configure:6899: $? = 0
configure:6903: test -z 
			 || test ! -s conftest.err
configure:6906: $? = 0
configure:6909: test -s conftest.o
configure:6912: $? = 0
configure:6923: result: yes
configure:6877: checking for strings.h
configure:6893: gcc -c -ansi -W -Wall -pedantic -Wshadow -Wpointer-arith -Wmissing-prototypes -Wwrite-strings -D_XOPEN_SOURCE=500 -D_BSD_SOURCE -O3    conftest.c >&5
In file included from /usr/include/x86_64-linux-gnu/bits/libc-header-start.h:33:0,
                 from /usr/include/stdio.h:27,
                 from conftest.c:22:
/usr/include/features.h:184:3: warning: #warning "_BSD_SOURCE and _SVID_SOURCE are deprecated, use _DEFAULT_SOURCE" [-Wcpp]
 # warning "_BSD_SOURCE and _SVID_SOURCE are deprecated, use _DEFAULT_SOURCE"
   ^~~~~~~
configure:6899: $? = 0
configure:6903: test -z 
			 || test ! -s conftest.err
configure:6906: $? = 0
configure:6909: test -s conftest.o
configure:6912: $? = 0
configure:6923: result: yes
configure:6877: checking for inttypes.h
configure:6893: gcc -c -ansi -W -Wall -pedantic -Wshadow -Wpointer-arith -Wmissing-prototypes -Wwrite-strings -D_XOPEN_SOURCE=500 -D_BSD_SOURCE -O3    conftest.c >&5
In file included from /usr/include/x86_64-linux-gnu/bits/libc-header-start.h:33:0,
                 from /usr/include/stdio.h:27,
                 from conftest.c:23:
/usr/include/features.h:184:3: warning: #warning "_BSD_SOURCE and _SVID_SOURCE are deprecated, use _DEFAULT_SOURCE" [-Wcpp]
 # warning "_BSD_SOURCE and _SVID_SOURCE are deprecated, use _DEFAULT_SOURCE"
   ^~~~~~~
configure:6899: $? = 0
configure:6903: test -z 
			 || test ! -s conftest.err
configure:6906: $? = 0
configure:6909: test -s conftest.o
configure:6912: $? = 0
configure:6923: result: yes
configure:6877: checking for stdint.h
configure:6893: gcc -c -ansi -W -Wall -pedantic -Wshadow -Wpointer-arith -Wmissing-prototypes -Wwrite-strings -D_XOPEN_SOURCE=500 -D_BSD_SOURCE -O3    conftest.c >&5
In file included from /usr/include/x86_64-linux-gnu/bits/libc-header-start.h:33:0,
                 from /usr/include/stdio.h:27,
                 from conftest.c:24:
/usr/include/features.h:184:3: warning: #warning "_BSD_SOURCE and _SVID_SOURCE are deprecated, use _DEFAULT_SOURCE" [-Wcpp]
 # warning "_BSD_SOURCE and _SVID_SOURCE are deprecated, use _DEFAULT_SOURCE"
   ^~~~~~~
configure:6899: $? = 0
configure:6903: test -z 
			 || test ! -s conftest.err
configure:6906: $? = 0
configure:6909: test -s conftest.o
configure:6912: $? = 0
configure:6923: result: yes
configure:6877: checking for unistd.h
configure:6893: gcc -c -ansi -W -Wall -pedantic -Wshadow -Wpointer-arith -Wmissing-prototypes -Wwrite-strings -D_XOPEN_SOURCE=500 -D_BSD_SOURCE -O3    conftest.c >&5
In file included from /usr/include/x86_64-linux-gnu/bits/libc-header-start.h:33:0,
                 from /usr/include/stdio.h:27,
                 from conftest.c:25:
/usr/include/features.h:184:3: warning: #warning "_BSD_SOURCE and _SVID_SOURCE are deprecated, use _DEFAULT_SOURCE" [-Wcpp]
 # warning "_BSD_SOURCE and _SVID_SOURCE are deprecated, use _DEFAULT_SOURCE"
   ^~~~~~~
configure:6899: $? = 0
configure:6903: test -z 
			 || test ! -s conftest.err
configure:6906: $? = 0
configure:6909: test -s conftest.o
configure:6912: $? = 0
configure:6923: result: yes
configure:6949: checking dlfcn.h usability
configure:6961: gcc -c -ansi -W -Wall -pedantic -Wshadow -Wpointer-arith -Wmissing-prototypes -Wwrite-strings -D_XOPEN_SOURCE=500 -D_BSD_SOURCE -O3    conftest.c >&5
In file included from /usr/include/x86_64-linux-gnu/bits/libc-header-start.h:33:0,
                 from /usr/include/stdio.h:27,
                 from conftest.c:26:
/usr/include/features.h:184:3: warning: #warning "_BSD_SOURCE and _SVID_SOURCE are deprecated, use _DEFAULT_SOURCE" [-Wcpp]
 # warning "_BSD_SOURCE and _SVID_SOURCE are deprecated, use _DEFAULT_SOURCE"
   ^~~~~~~
configure:6967: $? = 0
configure:6971: test -z 
			 || test ! -s conftest.err
configure:6974: $? = 0
configure:6977: test -s conftest.o
configure:6980: $? = 0
configure:6990: result: yes
configure:6994: checking dlfcn.h presence
configure:7004: gcc -E  conftest.c
configure:7010: $? = 0
configure:7030: result: yes
configure:7065: checking for dlfcn.h
configure:7072: result: yes
configure:7089: checking the maximum length of command line arguments
configure:7137: result: 32768
configure:7148: checking command to parse /usr/bin/nm -B output from gcc object
configure:7233: gcc -c -ansi -W -Wall -pedantic -Wshadow -Wpointer-arith -Wmissing-prototypes -Wwrite-strings -D_XOPEN_SOURCE=500 -D_BSD_SOURCE -O3    conftest.c >&5
conftest.c:5:6: warning: no previous prototype for 'nm_test_func' [-Wmissing-prototypes]
 void nm_test_func(){}
      ^~~~~~~~~~~~
configure:7236: $? = 0
configure:7240: /usr/bin/nm -B conftest.o \| sed -n -e 's/^.*[ 	]\([ABCDGISTW][ABCDGISTW]*\)[ 	][ 	]*\(\)\([_A-Za-z][_A-Za-z0-9]*\)$/\1 \2\3 \3/p' \> conftest.nm
configure:7243: $? = 0
configure:7295: gcc -o conftest -ansi -W -Wall -pedantic -Wshadow -Wpointer-arith -Wmissing-prototypes -Wwrite-strings -D_XOPEN_SOURCE=500 -D_BSD_SOURCE -O3     conftest.c conftstm.o >&5
configure:7298: $? = 0
configure:7336: result: ok
configure:7340: checking for objdir
configure:7355: result: .libs
configure:7445: checking for ranlib
configure:7461: found /usr/bin/ranlib
configure:7472: result: ranlib
configure:7525: checking for strip
configure:7541: found /usr/bin/strip
configure:7552: result: strip
configure:7815: checking if gcc static flag  works
conftest.c:1:1: warning: return type defaults to 'int' [-Wreturn-type]
 main(){return(0);}
 ^~~~
configure:7838: result: no
configure:7859: checking if gcc supports -fno-rtti -fno-exceptions
cc1: warning: command line option '-fno-rtti' is valid for C++/ObjC++ but not for C
cc1: warning: command line option '-fno-rtti' is valid for C++/ObjC++ but not for C
configure:7883: result: no
configure:7898: checking for gcc option to produce PIC
configure:8051: result: -fPIC
configure:8058: checking if gcc PIC flag -fPIC works
configure:8082: result: yes
configure:8106: checking if gcc supports -c -o file.o
configure:8147: result: yes
configure:8173: checking whether the gcc linker (/usr/bin/x86_64-linux-gnu-ld) supports shared libraries
configure:8976: result: yes
configure:8998: checking whether -lc should be explicitly linked in
configure:9003: gcc -c -ansi -W -Wall -pedantic -Wshadow -Wpointer-arith -Wmissing-prototypes -Wwrite-strings -D_XOPEN_SOURCE=500 -D_BSD_SOURCE -O3    conftest.c >&5
conftest.c:1:12: warning: 'dummy' defined but not used [-Wunused-variable]
 static int dummy;
            ^~~~~
configure:9006: $? = 0
configure:9020: gcc -shared conftest.o  -v -Wl,-soname -Wl,conftest -o conftest 2\>\&1 \| grep  -lc  \>/dev/null 2\>\&1
configure:9023: $? = 0
configure:9035: result: no
configure:9041: checking how to hardcode library paths into programs
configure:9065: result: immediate
configure:9079: checking whether stripping libraries is possible
configure:9084: result: yes
configure:9091: checking dynamic linker characteristics
configure:9542: result: GNU/Linux ld.so
configure:10271: checking if libtool supports shared libraries
configure:10273: result: yes
configure:10276: checking whether to build shared libraries
configure:10297: result: yes
configure:10300: checking whether to build static libraries
configure:10304: result: no
configure:10383: creating libtool
configure:11108: checking whether the g++ linker (/usr/bin/x86_64-linux-gnu-ld) supports shared libraries
configure:11783: result: yes
configure:11800: g++ -c -Wnon-virtual-dtor -Wno-long-long -Wundef -Wall -pedantic -W -Wpointer-arith -Wmissing-prototypes -Wwrite-strings -ansi -D_XOPEN_SOURCE=500 -D_BSD_SOURCE -Wcast-align -Wconversion -O3 -fno-exceptions -fno-check-new  conftest.cc >&5
cc1plus: warning: command line option '-Wmissing-prototypes' is valid for C/ObjC but not for C++
configure:11803: $? = 0
configure:11907: checking for g++ option to produce PIC
configure:12143: result: -fPIC
configure:12150: checking if g++ PIC flag -fPIC works
cc1plus: warning: command line option '-Wmissing-prototypes' is valid for C/ObjC but not for C++
configure:12174: result: no
configure:12198: checking if g++ supports -c -o file.o
cc1plus: warning: command line option '-Wmissing-prototypes' is valid for C/ObjC but not for C++
configure:12239: result: no
configure:12265: checking whether the g++ linker (/usr/bin/x86_64-linux-gnu-ld) supports shared libraries
configure:12287: result: yes
configure:12309: checking whether -lc should be explicitly linked in
configure:12314: g++ -c -Wnon-virtual-dtor -Wno-long-long -Wundef -Wall -pedantic -W -Wpointer-arith -Wmissing-prototypes -Wwrite-strings -ansi -D_XOPEN_SOURCE=500 -D_BSD_SOURCE -Wcast-align -Wconversion -O3 -fno-exceptions -fno-check-new  conftest.cc >&5
cc1plus: warning: command line option '-Wmissing-prototypes' is valid for C/ObjC but not for C++
conftest.cc:1:12: warning: 'dummy' defined but not used [-Wunused-variable]
 static int dummy;
            ^~~~~
configure:12317: $? = 0
configure:12331: g++ -shared -nostdlib  conftest.o   -v -Wl,-soname -Wl,conftest -o conftest 2\>\&1 \| grep  -lc  \>/dev/null 2\>\&1
configure:12334: $? = 1
configure:12346: result: yes
configure:12352: checking how to hardcode library paths into programs
configure:12376: result: immediate
configure:12390: checking whether stripping libraries is possible
configure:12395: result: yes
configure:12402: checking dynamic linker characteristics
configure:12853: result: GNU/Linux ld.so
configure:14002: checking if gcj supports -fno-rtti -fno-exceptions
configure:14026: result: no
configure:14041: checking for gcj option to produce PIC
configure:14194: result: -fPIC
configure:14201: checking if gcj PIC flag -fPIC works
configure:14225: result: no
configure:14249: checking if gcj supports -c -o file.o
configure:14290: result: no
configure:14316: checking whether the gcj linker (/usr/bin/x86_64-linux-gnu-ld) supports shared libraries
configure:15119: result: yes
configure:15141: checking whether -lc should be explicitly linked in
configure:15146: gcj -c -ansi -W -Wall -pedantic -Wshadow -Wpointer-arith -Wmissing-prototypes -Wwrite-strings -D_XOPEN_SOURCE=500 -D_BSD_SOURCE -O3    conftest.java >&5
./configure: line 15147: gcj: command not found
configure:15149: $? = 127
configure:15178: result: yes
configure:15184: checking how to hardcode library paths into programs
configure:15208: result: immediate
configure:15222: checking whether stripping libraries is possible
configure:15227: result: yes
configure:15234: checking dynamic linker characteristics
configure:15685: result: GNU/Linux ld.so
configure:17306: checking for extra includes
configure:17334: result: no
configure:17338: checking for extra libs
configure:17367: result: no
configure:17398: checking if src should be compiled
configure:17410: result: yes
configure:17543: creating ./config.status

## ---------------------- ##
## Running config.status. ##
## ---------------------- ##

This file was extended by config.status, which was
generated by GNU Autoconf 2.59.  Invocation command line was

  CONFIG_FILES    = 
  CONFIG_HEADERS  = 
  CONFIG_LINKS    = 
  CONFIG_COMMANDS = 
  $ ./config.status 

on gorokhovsky

config.status:733: creating Makefile
config.status:733: creating src/Makefile
config.status:837: creating config.h
config.status:1129: executing depfiles commands

## ---------------- ##
## Cache variables. ##
## ---------------- ##

ac_cv_build=x86_64-unknown-linux-gnu
ac_cv_build_alias=x86_64-unknown-linux-gnu
ac_cv_c_compiler_gnu=yes
ac_cv_cxx_compiler_gnu=yes
ac_cv_env_CC_set=
ac_cv_env_CC_value=
ac_cv_env_CFLAGS_set=
ac_cv_env_CFLAGS_value=
ac_cv_env_CPPFLAGS_set=
ac_cv_env_CPPFLAGS_value=
ac_cv_env_CPP_set=
ac_cv_env_CPP_value=
ac_cv_env_CXXCPP_set=
ac_cv_env_CXXCPP_value=
ac_cv_env_CXXFLAGS_set=
ac_cv_env_CXXFLAGS_value=
ac_cv_env_CXX_set=
ac_cv_env_CXX_value=
ac_cv_env_LDFLAGS_set=
ac_cv_env_LDFLAGS_value=
ac_cv_env_build_alias_set=
ac_cv_env_build_alias_value=
ac_cv_env_host_alias_set=
ac_cv_env_host_alias_value=
ac_cv_env_target_alias_set=
ac_cv_env_target_alias_value=
ac_cv_exeext=
ac_cv_header_dlfcn_h=yes
ac_cv_header_inttypes_h=yes
ac_cv_header_memory_h=yes
ac_cv_header_stdc=yes
ac_cv_header_stdint_h=yes
ac_cv_header_stdlib_h=yes
ac_cv_header_string_h=yes
ac_cv_header_strings_h=yes
ac_cv_header_sys_stat_h=yes
ac_cv_header_sys_types_h=yes
ac_cv_header_unistd_h=yes
ac_cv_host=x86_64-unknown-linux-gnu
ac_cv_host_alias=x86_64-unknown-linux-gnu
ac_cv_objext=o
ac_cv_path_install='/usr/bin/install -c'
ac_cv_prog_AWK=gawk
ac_cv_prog_CPP='gcc -E'
ac_cv_prog_CXXCPP='g++ -E'
ac_cv_prog_ac_ct_CC=gcc
ac_cv_prog_ac_ct_CXX=g++
ac_cv_prog_ac_ct_RANLIB=ranlib
ac_cv_prog_ac_ct_STRIP=strip
ac_cv_prog_cc_g=yes
ac_cv_prog_cc_stdc=
ac_cv_prog_cxx_g=yes
ac_cv_prog_egrep='grep -E'
ac_cv_prog_make_make_set=yes
ac_cv_target=x86_64-unknown-linux-gnu
ac_cv_target_alias=x86_64-unknown-linux-gnu
am_cv_CC_dependencies_compiler_type=gcc3
am_cv_CXX_dependencies_compiler_type=gcc3
kde_cv_prog_cxx_Wno_long_long=yes
kde_cv_prog_cxx_Wnon_virtual_dtor=yes
kde_cv_prog_cxx_Wundef=yes
kde_cv_prog_cxx_fexceptions=yes
kde_cv_prog_cxx_fno_check_new=yes
kde_cv_prog_cxx_fno_exceptions=yes
kde_cv_prog_cxx_frepo=yes
lt_cv_deplibs_check_method=pass_all
lt_cv_file_magic_cmd='$MAGIC_CMD'
lt_cv_file_magic_test_file='/lib/libc.so* /lib/libc-*.so'
lt_cv_ld_reload_flag=-r
lt_cv_objdir=.libs
lt_cv_path_LD=/usr/bin/x86_64-linux-gnu-ld
lt_cv_path_NM='/usr/bin/nm -B'
lt_cv_path_SED=/bin/sed
lt_cv_prog_compiler_c_o=yes
lt_cv_prog_compiler_c_o_CXX=no
lt_cv_prog_compiler_c_o_GCJ=no
lt_cv_prog_compiler_rtti_exceptions=no
lt_cv_prog_gnu_ld=yes
lt_cv_sys_global_symbol_pipe='sed -n -e '\''s/^.*[ 	]\([ABCDGISTW][ABCDGISTW]*\)[ 	][ 	]*\(\)\([_A-Za-z][_A-Za-z0-9]*\)$/\1 \2\3 \3/p'\'''
lt_cv_sys_global_symbol_to_c_name_address='sed -n -e '\''s/^: \([^ ]*\) $/  {\"\1\", (lt_ptr) 0},/p'\'' -e '\''s/^[BCDEGRST] \([^ ]*\) \([^ ]*\)$/  {"\2", (lt_ptr) \&\2},/p'\'''
lt_cv_sys_global_symbol_to_cdecl='sed -n -e '\''s/^. .* \(.*\)$/extern int \1;/p'\'''
lt_cv_sys_max_cmd_len=32768
lt_lt_cv_prog_compiler_c_o='"yes"'
lt_lt_cv_prog_compiler_c_o_CXX='"no"'
lt_lt_cv_prog_compiler_c_o_GCJ='"no"'
lt_lt_cv_sys_global_symbol_pipe='"sed -n -e '\''s/^.*[ 	]\\([ABCDGISTW][ABCDGISTW]*\\)[ 	][ 	]*\\(\\)\\([_A-Za-z][_A-Za-z0-9]*\\)\$/\\1 \\2\\3 \\3/p'\''"'
lt_lt_cv_sys_global_symbol_to_c_name_address='"sed -n -e '\''s/^: \\([^ ]*\\) \$/  {\\\"\\1\\\", (lt_ptr) 0},/p'\'' -e '\''s/^[BCDEGRST] \\([^ ]*\\) \\([^ ]*\\)\$/  {\"\\2\", (lt_ptr) \\&\\2},/p'\''"'
lt_lt_cv_sys_global_symbol_to_cdecl='"sed -n -e '\''s/^. .* \\(.*\\)\$/extern int \\1;/p'\''"'

## ----------------- ##
## Output variables. ##
## ----------------- ##

ACLOCAL='${SHELL} /home/elliot/pickaxe/mafia/admin/missing --run aclocal-1.9'
AMDEPBACKSLASH='\'
AMDEP_FALSE='#'
AMDEP_TRUE=''
AMTAR='${SHELL} /home/elliot/pickaxe/mafia/admin/missing --run tar'
AUTOCONF='${SHELL} /home/elliot/pickaxe/mafia/admin/missing --run autoconf'
AUTODIRS=''
AUTOHEADER='${SHELL} /home/elliot/pickaxe/mafia/admin/missing --run autoheader'
AUTOMAKE='${SHELL} /home/elliot/pickaxe/mafia/admin/missing --run automake-1.9'
AWK='gawk'
CC='gcc'
CCDEPMODE='depmode=gcc3'
CFLAGS='-ansi -W -Wall -pedantic -Wshadow -Wpointer-arith -Wmissing-prototypes -Wwrite-strings -D_XOPEN_SOURCE=500 -D_BSD_SOURCE -O3  '
CONF_FILES=' $(top_srcdir)/configure.in.in'
CPP='gcc -E'
CPPFLAGS=''
CXX='g++'
CXXCPP='g++ -E'
CXXDEPMODE='depmode=gcc3'
CXXFLAGS='-Wnon-virtual-dtor -Wno-long-long -Wundef -Wall -pedantic -W -Wpointer-arith -Wmissing-prototypes -Wwrite-strings -ansi -D_XOPEN_SOURCE=500 -D_BSD_SOURCE -Wcast-align -Wconversion -O3 -fno-exceptions -fno-check-new'
CYGPATH_W='echo'
DEFS='-DHAVE_CONFIG_H'
DEPDIR='.deps'
ECHO='echo'
ECHO_C=''
ECHO_N='-n'
ECHO_T=''
EGREP='grep -E'
EXEEXT=''
INSTALL_DATA='${INSTALL} -m 644'
INSTALL_PROGRAM='${INSTALL} $(INSTALL_STRIP_FLAG)'
INSTALL_SCRIPT='${INSTALL}'
INSTALL_STRIP_PROGRAM='${SHELL} $(install_sh) -c -s'
KDE_PLUGIN='-avoid-version -module -no-undefined $(KDE_RPATH) $(KDE_MT_LDFLAGS)'
KDE_USE_CLOSURE_FALSE='#'
KDE_USE_CLOSURE_TRUE=''
KDE_USE_FINAL_FALSE=''
KDE_USE_FINAL_TRUE='#'
LDFLAGS=''
LIBOBJS=''
LIBS=''
LIBTOOL='$(SHELL) $(top_builddir)/libtool --silent'
LN_S='ln -s'
LTLIBOBJS=''
MAKEINFO='${SHELL} /home/elliot/pickaxe/mafia/admin/missing --run makeinfo'
NOOPT_CFLAGS='-O0'
NOOPT_CXXFLAGS='-O0'
NOREPO='-fno-repo'
OBJEXT='o'
PACKAGE='mafia'
PACKAGE_BUGREPORT=''
PACKAGE_NAME=''
PACKAGE_STRING=''
PACKAGE_TARNAME=''
PACKAGE_VERSION=''
PATH_SEPARATOR=':'
RANLIB='ranlib'
REPO='-frepo'
SET_MAKE=''
SHELL='/bin/bash'
STRIP='strip'
TOPSUBDIRS=' src'
USER_INCLUDES=''
USER_LDFLAGS=''
USE_EXCEPTIONS='-fexceptions'
USE_RTTI=''
VERSION='0.1'
WOVERLOADED_VIRTUAL=''
ac_ct_CC='gcc'
ac_ct_CXX='g++'
ac_ct_RANLIB='ranlib'
ac_ct_STRIP='strip'
all_includes=' '
all_libraries=' '
am__fastdepCC_FALSE='#'
am__fastdepCC_TRUE=''
am__fastdepCXX_FALSE='#'
am__fastdepCXX_TRUE=''
am__include='include'
am__leading_dot='.'
am__quote=''
am__tar='${AMTAR} chof - "$$tardir"'
am__untar='${AMTAR} xf -'
bindir='${exec_prefix}/bin'
build='x86_64-unknown-linux-gnu'
build_alias=''
build_cpu='x86_64'
build_os='linux-gnu'
build_vendor='unknown'
datadir='${prefix}/share'
exec_prefix='${prefix}'
host='x86_64-unknown-linux-gnu'
host_alias=''
host_cpu='x86_64'
host_os='linux-gnu'
host_vendor='unknown'
includedir='${prefix}/include'
infodir='${prefix}/info'
install_sh='/home/elliot/pickaxe/mafia/admin/install-sh'
libdir='${exec_prefix}/lib64'
libexecdir='${exec_prefix}/libexec'
localstatedir='${prefix}/var'
mandir='${prefix}/man'
mkdir_p='mkdir -p --'
oldincludedir='/usr/include'
prefix='/usr/local'
program_transform_name='s,x,x,'
sbindir='${exec_prefix}/sbin'
sharedstatedir='${prefix}/com'
sysconfdir='${prefix}/etc'
target='x86_64-unknown-linux-gnu'
target_alias=''
target_cpu='x86_64'
target_os='linux-gnu'
target_vendor='unknown'

## ----------- ##
## confdefs.h. ##
## ----------- ##

#define HAVE_DLFCN_H 1
#define HAVE_INTTYPES_H 1
#define HAVE_MEMORY_H 1
#define HAVE_STDINT_H 1
#define HAVE_STDLIB_H 1
#define HAVE_STRINGS_H 1
#define HAVE_STRING_H 1
#define HAVE_SYS_STAT_H 1
#define HAVE_SYS_TYPES_H 1
#define HAVE_TEMPLATE_REPOSITORY 1
#define HAVE_UNISTD_H 1
#define KDELIBSUFF "\"64\""
#define PACKAGE "mafia"
#define PACKAGE_BUGREPORT ""
#define PACKAGE_NAME ""
#define PACKAGE_STRING ""
#define PACKAGE_TARNAME ""
#define PACKAGE_VERSION ""
#define STDC_HEADERS 1
#define VERSION "0.1"
#endif
#ifdef __cplusplus
extern "C" void std::exit (int) throw (); using std::exit;

configure: exit 0
